<?xml version="1.0" encoding="UTF-8" standalone="no"?>
<!DOCTYPE log SYSTEM "logger.dtd">
<log>
<record>
  <date>2018-09-17T16:11:51.474-0300</date>
  <logger>WENDSON MAGALHAES DA SILVA</logger>
  <level>FINE</level>
  <message>File 117210424-WENDSON MAGALHAES DA SILVA.zip was received. It was sent by WENDSON MAGALHAES DA SILVA from IP 150.165.42.104</message>
</record>
</log>
<?xml version="1.0" encoding="UTF-8" standalone="no"?>
<!DOCTYPE log SYSTEM "logger.dtd">
<log>
<record>
  <date>2018-09-17T22:05:39.227-0300</date>
  <logger>WENDSON MAGALHAES DA SILVA</logger>
  <level>FINE</level>
  <message>File 117210424-WENDSON MAGALHAES DA SILVA.zip was received. It was sent by WENDSON MAGALHAES DA SILVA from IP 192.168.1.11</message>
</record>
</log>
<?xml version="1.0" encoding="UTF-8" standalone="no"?>
<!DOCTYPE log SYSTEM "logger.dtd">
<log>
<record>
  <date>2018-09-17T22:07:34.845-0300</date>
  <logger>WENDSON MAGALHAES DA SILVA</logger>
  <level>FINE</level>
  <message>File 117210424-WENDSON MAGALHAES DA SILVA.zip was received. It was sent by WENDSON MAGALHAES DA SILVA from IP 192.168.1.11</message>
</record>
